<?xml version="1.0" encoding="UTF-8"?>
<!-- Generated by org.testng.reporters.JUnitReportReporter -->
<testsuite hostname="Suniil-b" failures="0" tests="1" name="com.java.APIbasicauto.OAuthValidation" time="3.823" errors="0" timestamp="2024-09-11T13:30:28 IST" skipped="0">
  <testcase classname="com.java.APIbasicauto.OAuthValidation" name="oauth" time="3.823"/>
</testsuite> <!-- com.java.APIbasicauto.OAuthValidation -->
