<?xml version="1.0" encoding="UTF-8"?>
<!-- Generated by org.testng.reporters.JUnitReportReporter -->
<testsuite hostname="Suniil-b" failures="0" tests="5" name="com.java.APIbasicauto.DynamicJson" time="3.645" errors="0" timestamp="2024-08-27T22:33:00 IST" skipped="0">
  <testcase classname="com.java.APIbasicauto.DynamicJson" name="addBook" time="0.252"/>
  <testcase classname="com.java.APIbasicauto.DynamicJson" name="addBook" time="0.252"/>
  <testcase classname="com.java.APIbasicauto.DynamicJson" name="addBook" time="2.603"/>
  <testcase classname="com.java.APIbasicauto.DynamicJson" name="addBook" time="0.289"/>
  <testcase classname="com.java.APIbasicauto.DynamicJson" name="addBook" time="0.249"/>
</testsuite> <!-- com.java.APIbasicauto.DynamicJson -->
