<?xml version="1.0" encoding="UTF-8"?>
<!-- Generated by org.testng.reporters.JUnitReportReporter -->
<testsuite hostname="Suniil-b" failures="0" tests="1" name="com.java.APIbasicauto.SumValidation" time="1.311" errors="0" timestamp="2024-08-26T23:39:02 IST" skipped="0">
  <testcase classname="com.java.APIbasicauto.SumValidation" name="sumOfCourse" time="1.311"/>
</testsuite> <!-- com.java.APIbasicauto.SumValidation -->
